# JRE version: OpenJDK Runtime Environment Temurin-21.0.11+10 (21.0.11+10) (build 21.0.11+10-LTS)
# Java VM: OpenJDK 64-Bit Server VM Temurin-21.0.11+10 (21.0.11+10-LTS, mixed mode, sharing, tiered, compressed oops, compressed class ptrs, parallel gc, windows-amd64)
GC Precious Log:
 CardTable entry size: 512
 CPUs: 4 total, 4 available
 Memory: 8073M
 Large Page Support: Disabled
 NUMA Support: Disabled
 Compressed Oops: Enabled (32-bit)
 Alignments: Space 512K, Generation 512K, Heap 2M
 Heap Min Capacity: 100M
 Heap Initial Capacity: 100M
 Heap Max Capacity: 2G
 Pre-touch: Disabled
 Parallel Workers: 4
Heap:
 PSYoungGen      total 3072K, used 2330K [0x00000000d5580000, 0x00000000d5a00000, 0x0000000100000000)
  eden space 2560K, 83% used [0x00000000d5580000,0x00000000d5796aa0,0x00000000d5800000)
  from space 512K, 37% used [0x00000000d5980000,0x00000000d59b0020,0x00000000d5a00000)
  to   space 512K, 0% used [0x00000000d5900000,0x00000000d5900000,0x00000000d5980000)
 ParOldGen       total 194048K, used 193283K [0x0000000080000000, 0x000000008bd80000, 0x00000000d5580000)
  object space 194048K, 99% used [0x0000000080000000,0x000000008bcc0ca0,0x000000008bd80000)
 Metaspace       used 94701K, committed 96448K, reserved 1179648K
  class space    used 9118K, committed 9920K, reserved 1048576K
GC Heap History (20 events):
Event: 8770.484 GC heap before
{Heap before GC invocations=10098 (full 14):
 PSYoungGen      total 3072K, used 2820K [0x00000000d5580000, 0x00000000d5a00000, 0x0000000100000000)
  eden space 2560K, 100% used [0x00000000d5580000,0x00000000d5800000,0x00000000d5800000)
  from space 512K, 50% used [0x00000000d5980000,0x00000000d59c1210,0x00000000d5a00000)
  to   space 512K, 0% used [0x00000000d5900000,0x00000000d5900000,0x00000000d5980000)
 ParOldGen       total 158720K, used 131451K [0x0000000080000000, 0x0000000089b00000, 0x00000000d5580000)
  object space 158720K, 82% used [0x0000000080000000,0x000000008805ec40,0x0000000089b00000)
 Metaspace       used 94596K, committed 96320K, reserved 1179648K
  class space    used 9109K, committed 9856K, reserved 1048576K
}
Event: 8770.485 GC heap after
{Heap after GC invocations=10098 (full 14):
 PSYoungGen      total 3072K, used 260K [0x00000000d5580000, 0x00000000d5a00000, 0x0000000100000000)
  eden space 2560K, 0% used [0x00000000d5580000,0x00000000d5580000,0x00000000d5800000)
  from space 512K, 50% used [0x00000000d5900000,0x00000000d5941210,0x00000000d5980000)
  to   space 512K, 0% used [0x00000000d5980000,0x00000000d5980000,0x00000000d5a00000)
 ParOldGen       total 158720K, used 131467K [0x0000000080000000, 0x0000000089b00000, 0x00000000d5580000)
  object space 158720K, 82% used [0x0000000080000000,0x0000000088062c40,0x0000000089b00000)
 Metaspace       used 94596K, committed 96320K, reserved 1179648K
  class space    used 9109K, committed 9856K, reserved 1048576K
}
Event: 8770.721 GC heap before
{Heap before GC invocations=10099 (full 14):
 PSYoungGen      total 3072K, used 2820K [0x00000000d5580000, 0x00000000d5a00000, 0x0000000100000000)
  eden space 2560K, 100% used [0x00000000d5580000,0x00000000d5800000,0x00000000d5800000)
  from space 512K, 50% used [0x00000000d5900000,0x00000000d5941210,0x00000000d5980000)
  to   space 512K, 0% used [0x00000000d5980000,0x00000000d5980000,0x00000000d5a00000)
 ParOldGen       total 158720K, used 131467K [0x0000000080000000, 0x0000000089b00000, 0x00000000d5580000)
  object space 158720K, 82% used [0x0000000080000000,0x0000000088062c40,0x0000000089b00000)
 Metaspace       used 94605K, committed 96320K, reserved 1179648K
  class space    used 9109K, committed 9856K, reserved 1048576K
}
Event: 8770.722 GC heap after
{Heap after GC invocations=10099 (full 14):
 PSYoungGen      total 3072K, used 388K [0x00000000d5580000, 0x00000000d5a00000, 0x0000000100000000)
  eden space 2560K, 0% used [0x00000000d5580000,0x00000000d5580000,0x00000000d5800000)
  from space 512K, 75% used [0x00000000d5980000,0x00000000d59e1210,0x00000000d5a00000)
  to   space 512K, 0% used [0x00000000d5900000,0x00000000d5900000,0x00000000d5980000)
 ParOldGen       total 158720K, used 131475K [0x0000000080000000, 0x0000000089b00000, 0x00000000d5580000)
  object space 158720K, 82% used [0x0000000080000000,0x0000000088064c40,0x0000000089b00000)
 Metaspace       used 94605K, committed 96320K, reserved 1179648K
  class space    used 9109K, committed 9856K, reserved 1048576K
}
Event: 8771.718 GC heap before
{Heap before GC invocations=10100 (full 14):
 PSYoungGen      total 3072K, used 2948K [0x00000000d5580000, 0x00000000d5a00000, 0x0000000100000000)
  eden space 2560K, 100% used [0x00000000d5580000,0x00000000d5800000,0x00000000d5800000)
  from space 512K, 75% used [0x00000000d5980000,0x00000000d59e1210,0x00000000d5a00000)
  to   space 512K, 0% used [0x00000000d5900000,0x00000000d5900000,0x00000000d5980000)
 ParOldGen       total 158720K, used 131475K [0x0000000080000000, 0x0000000089b00000, 0x00000000d5580000)
  object space 158720K, 82% used [0x0000000080000000,0x0000000088064c40,0x0000000089b00000)
 Metaspace       used 94673K, committed 96320K, reserved 1179648K
  class space    used 9116K, committed 9856K, reserved 1048576K
}
Event: 8771.719 GC heap after
{Heap after GC invocations=10100 (full 14):
 PSYoungGen      total 3072K, used 128K [0x00000000d5580000, 0x00000000d5a00000, 0x0000000100000000)
  eden space 2560K, 0% used [0x00000000d5580000,0x00000000d5580000,0x00000000d5800000)
  from space 512K, 25% used [0x00000000d5900000,0x00000000d5920000,0x00000000d5980000)
  to   space 512K, 0% used [0x00000000d5980000,0x00000000d5980000,0x00000000d5a00000)
 ParOldGen       total 158720K, used 131483K [0x0000000080000000, 0x0000000089b00000, 0x00000000d5580000)
  object space 158720K, 82% used [0x0000000080000000,0x0000000088066c40,0x0000000089b00000)
 Metaspace       used 94673K, committed 96320K, reserved 1179648K
  class space    used 9116K, committed 9856K, reserved 1048576K
}
Event: 8837.255 GC heap before
{Heap before GC invocations=10101 (full 14):
 PSYoungGen      total 3072K, used 2687K [0x00000000d5580000, 0x00000000d5a00000, 0x0000000100000000)
  eden space 2560K, 99% used [0x00000000d5580000,0x00000000d57ffff0,0x00000000d5800000)
  from space 512K, 25% used [0x00000000d5900000,0x00000000d5920000,0x00000000d5980000)
  to   space 512K, 0% used [0x00000000d5980000,0x00000000d5980000,0x00000000d5a00000)
 ParOldGen       total 158720K, used 131483K [0x0000000080000000, 0x0000000089b00000, 0x00000000d5580000)
  object space 158720K, 82% used [0x0000000080000000,0x0000000088066c40,0x0000000089b00000)
 Metaspace       used 94673K, committed 96320K, reserved 1179648K
  class space    used 9116K, committed 9856K, reserved 1048576K
}
Event: 8837.258 GC heap after
{Heap after GC invocations=10101 (full 14):
 PSYoungGen      total 3072K, used 128K [0x00000000d5580000, 0x00000000d5a00000, 0x0000000100000000)
  eden space 2560K, 0% used [0x00000000d5580000,0x00000000d5580000,0x00000000d5800000)
  from space 512K, 25% used [0x00000000d5980000,0x00000000d59a0000,0x00000000d5a00000)
  to   space 512K, 0% used [0x00000000d5900000,0x00000000d5900000,0x00000000d5980000)
 ParOldGen       total 158720K, used 131515K [0x0000000080000000, 0x0000000089b00000, 0x00000000d5580000)
  object space 158720K, 82% used [0x0000000080000000,0x000000008806ec40,0x0000000089b00000)
 Metaspace       used 94673K, committed 96320K, reserved 1179648K
  class space    used 9116K, committed 9856K, reserved 1048576K
}
Event: 9303.042 GC heap before
{Heap before GC invocations=10102 (full 14):
 PSYoungGen      total 3072K, used 2688K [0x00000000d5580000, 0x00000000d5a00000, 0x0000000100000000)
  eden space 2560K, 100% used [0x00000000d5580000,0x00000000d5800000,0x00000000d5800000)
  from space 512K, 25% used [0x00000000d5980000,0x00000000d59a0000,0x00000000d5a00000)
  to   space 512K, 0% used [0x00000000d5900000,0x00000000d5900000,0x00000000d5980000)
 ParOldGen       total 158720K, used 131515K [0x0000000080000000, 0x0000000089b00000, 0x00000000d5580000)
  object space 158720K, 82% used [0x0000000080000000,0x000000008806ec40,0x0000000089b00000)
 Metaspace       used 94680K, committed 96448K, reserved 1179648K
  class space    used 9116K, committed 9920K, reserved 1048576K
}
Event: 9303.044 GC heap after
{Heap after GC invocations=10102 (full 14):
 PSYoungGen      total 3072K, used 128K [0x00000000d5580000, 0x00000000d5a00000, 0x0000000100000000)
  eden space 2560K, 0% used [0x00000000d5580000,0x00000000d5580000,0x00000000d5800000)
  from space 512K, 25% used [0x00000000d5900000,0x00000000d5920000,0x00000000d5980000)
  to   space 512K, 0% used [0x00000000d5980000,0x00000000d5980000,0x00000000d5a00000)
 ParOldGen       total 158720K, used 131539K [0x0000000080000000, 0x0000000089b00000, 0x00000000d5580000)
  object space 158720K, 82% used [0x0000000080000000,0x0000000088074c40,0x0000000089b00000)
 Metaspace       used 94680K, committed 96448K, reserved 1179648K
  class space    used 9116K, committed 9920K, reserved 1048576K
}
Event: 73901.947 GC heap before
{Heap before GC invocations=10103 (full 14):
 PSYoungGen      total 3072K, used 2688K [0x00000000d5580000, 0x00000000d5a00000, 0x0000000100000000)
  eden space 2560K, 100% used [0x00000000d5580000,0x00000000d5800000,0x00000000d5800000)
  from space 512K, 25% used [0x00000000d5900000,0x00000000d5920000,0x00000000d5980000)
  to   space 512K, 0% used [0x00000000d5980000,0x00000000d5980000,0x00000000d5a00000)
 ParOldGen       total 158720K, used 131539K [0x0000000080000000, 0x0000000089b00000, 0x00000000d5580000)
  object space 158720K, 82% used [0x0000000080000000,0x0000000088074c40,0x0000000089b00000)
 Metaspace       used 94680K, committed 96448K, reserved 1179648K
  class space    used 9116K, committed 9920K, reserved 1048576K
}
Event: 73902.354 GC heap after
{Heap after GC invocations=10103 (full 14):
 PSYoungGen      total 3072K, used 160K [0x00000000d5580000, 0x00000000d5a00000, 0x0000000100000000)
  eden space 2560K, 0% used [0x00000000d5580000,0x00000000d5580000,0x00000000d5800000)
  from space 512K, 31% used [0x00000000d5980000,0x00000000d59a8000,0x00000000d5a00000)
  to   space 512K, 0% used [0x00000000d5900000,0x00000000d5900000,0x00000000d5980000)
 ParOldGen       total 158720K, used 131563K [0x0000000080000000, 0x0000000089b00000, 0x00000000d5580000)
  object space 158720K, 82% used [0x0000000080000000,0x000000008807ac40,0x0000000089b00000)
 Metaspace       used 94680K, committed 96448K, reserved 1179648K
  class space    used 9116K, committed 9920K, reserved 1048576K
}
Event: 73903.098 GC heap before
{Heap before GC invocations=10104 (full 14):
 PSYoungGen      total 3072K, used 2720K [0x00000000d5580000, 0x00000000d5a00000, 0x0000000100000000)
  eden space 2560K, 100% used [0x00000000d5580000,0x00000000d5800000,0x00000000d5800000)
  from space 512K, 31% used [0x00000000d5980000,0x00000000d59a8000,0x00000000d5a00000)
  to   space 512K, 0% used [0x00000000d5900000,0x00000000d5900000,0x00000000d5980000)
 ParOldGen       total 170496K, used 162283K [0x0000000080000000, 0x000000008a680000, 0x00000000d5580000)
  object space 170496K, 95% used [0x0000000080000000,0x0000000089e7ac70,0x000000008a680000)
 Metaspace       used 94688K, committed 96448K, reserved 1179648K
  class space    used 9118K, committed 9920K, reserved 1048576K
}
Event: 73903.101 GC heap after
{Heap after GC invocations=10104 (full 14):
 PSYoungGen      total 3072K, used 160K [0x00000000d5580000, 0x00000000d5a00000, 0x0000000100000000)
  eden space 2560K, 0% used [0x00000000d5580000,0x00000000d5580000,0x00000000d5800000)
  from space 512K, 31% used [0x00000000d5900000,0x00000000d5928000,0x00000000d5980000)
  to   space 512K, 0% used [0x00000000d5980000,0x00000000d5980000,0x00000000d5a00000)
 ParOldGen       total 170496K, used 162371K [0x0000000080000000, 0x000000008a680000, 0x00000000d5580000)
  object space 170496K, 95% used [0x0000000080000000,0x0000000089e90c70,0x000000008a680000)
 Metaspace       used 94688K, committed 96448K, reserved 1179648K
  class space    used 9118K, committed 9920K, reserved 1048576K
}
Event: 73999.103 GC heap before
{Heap before GC invocations=10105 (full 14):
 PSYoungGen      total 3072K, used 2720K [0x00000000d5580000, 0x00000000d5a00000, 0x0000000100000000)
  eden space 2560K, 100% used [0x00000000d5580000,0x00000000d5800000,0x00000000d5800000)
  from space 512K, 31% used [0x00000000d5900000,0x00000000d5928000,0x00000000d5980000)
  to   space 512K, 0% used [0x00000000d5980000,0x00000000d5980000,0x00000000d5a00000)
 ParOldGen       total 170496K, used 162371K [0x0000000080000000, 0x000000008a680000, 0x00000000d5580000)
  object space 170496K, 95% used [0x0000000080000000,0x0000000089e90c70,0x000000008a680000)
 Metaspace       used 94693K, committed 96448K, reserved 1179648K
  class space    used 9118K, committed 9920K, reserved 1048576K
}
Event: 73999.108 GC heap after
{Heap after GC invocations=10105 (full 14):
 PSYoungGen      total 3072K, used 160K [0x00000000d5580000, 0x00000000d5a00000, 0x0000000100000000)
  eden space 2560K, 0% used [0x00000000d5580000,0x00000000d5580000,0x00000000d5800000)
  from space 512K, 31% used [0x00000000d5980000,0x00000000d59a8000,0x00000000d5a00000)
  to   space 512K, 0% used [0x00000000d5900000,0x00000000d5900000,0x00000000d5980000)
 ParOldGen       total 170496K, used 162411K [0x0000000080000000, 0x000000008a680000, 0x00000000d5580000)
  object space 170496K, 95% used [0x0000000080000000,0x0000000089e9ac70,0x000000008a680000)
 Metaspace       used 94693K, committed 96448K, reserved 1179648K
  class space    used 9118K, committed 9920K, reserved 1048576K
}
Event: 73999.224 GC heap before
{Heap before GC invocations=10106 (full 14):
 PSYoungGen      total 3072K, used 2720K [0x00000000d5580000, 0x00000000d5a00000, 0x0000000100000000)
  eden space 2560K, 100% used [0x00000000d5580000,0x00000000d5800000,0x00000000d5800000)
  from space 512K, 31% used [0x00000000d5980000,0x00000000d59a8000,0x00000000d5a00000)
  to   space 512K, 0% used [0x00000000d5900000,0x00000000d5900000,0x00000000d5980000)
 ParOldGen       total 194048K, used 193131K [0x0000000080000000, 0x000000008bd80000, 0x00000000d5580000)
  object space 194048K, 99% used [0x0000000080000000,0x000000008bc9aca0,0x000000008bd80000)
 Metaspace       used 94693K, committed 96448K, reserved 1179648K
  class space    used 9118K, committed 9920K, reserved 1048576K
}
Event: 73999.228 GC heap after
{Heap after GC invocations=10106 (full 14):
 PSYoungGen      total 3072K, used 288K [0x00000000d5580000, 0x00000000d5a00000, 0x0000000100000000)
  eden space 2560K, 0% used [0x00000000d5580000,0x00000000d5580000,0x00000000d5800000)
  from space 512K, 56% used [0x00000000d5900000,0x00000000d5948000,0x00000000d5980000)
  to   space 512K, 0% used [0x00000000d5980000,0x00000000d5980000,0x00000000d5a00000)
 ParOldGen       total 194048K, used 193131K [0x0000000080000000, 0x000000008bd80000, 0x00000000d5580000)
  object space 194048K, 99% used [0x0000000080000000,0x000000008bc9aca0,0x000000008bd80000)
 Metaspace       used 94693K, committed 96448K, reserved 1179648K
  class space    used 9118K, committed 9920K, reserved 1048576K
}
Event: 74202.194 GC heap before
{Heap before GC invocations=10107 (full 14):
 PSYoungGen      total 3072K, used 2845K [0x00000000d5580000, 0x00000000d5a00000, 0x0000000100000000)
  eden space 2560K, 99% used [0x00000000d5580000,0x00000000d57ff4f8,0x00000000d5800000)
  from space 512K, 56% used [0x00000000d5900000,0x00000000d5948000,0x00000000d5980000)
  to   space 512K, 0% used [0x00000000d5980000,0x00000000d5980000,0x00000000d5a00000)
 ParOldGen       total 194048K, used 193131K [0x0000000080000000, 0x000000008bd80000, 0x00000000d5580000)
  object space 194048K, 99% used [0x0000000080000000,0x000000008bc9aca0,0x000000008bd80000)
 Metaspace       used 94700K, committed 96448K, reserved 1179648K
  class space    used 9118K, committed 9920K, reserved 1048576K
}
Event: 74202.203 GC heap after
{Heap after GC invocations=10107 (full 14):
 PSYoungGen      total 3072K, used 192K [0x00000000d5580000, 0x00000000d5a00000, 0x0000000100000000)
  eden space 2560K, 0% used [0x00000000d5580000,0x00000000d5580000,0x00000000d5800000)
  from space 512K, 37% used [0x00000000d5980000,0x00000000d59b0020,0x00000000d5a00000)
  to   space 512K, 0% used [0x00000000d5900000,0x00000000d5900000,0x00000000d5980000)
 ParOldGen       total 194048K, used 193283K [0x0000000080000000, 0x000000008bd80000, 0x00000000d5580000)
  object space 194048K, 99% used [0x0000000080000000,0x000000008bcc0ca0,0x000000008bd80000)
 Metaspace       used 94700K, committed 96448K, reserved 1179648K
  class space    used 9118K, committed 9920K, reserved 1048576K
}

